Drill Listing
=============
Drill: .016  Tool: 1  Feed: 95  Speed: 300
X 102300  Y 106475
X 102300  Y 102300
X 102300  Y 114827
X 102300  Y 110651
X 102300  Y 119003
X 104387  Y 116915
X 104387  Y 112739
X 104387  Y 108563
X 104387  Y 104387
X 106475  Y 114827
X 106475  Y 110651
X 106475  Y 106475
X 106475  Y 102300
X 106475  Y 119003
X 108563  Y 116915
X 108563  Y 112739
X 108563  Y 108563
X 108563  Y 104387
X 110651  Y 106475
X 110651  Y 114827
X 110651  Y 110651
X 110651  Y 102300
X 110651  Y 119003
X 112739  Y 104387
X 112739  Y 116915
X 112739  Y 112739
X 112739  Y 108563
X 114827  Y 106475
X 114827  Y 102300
X 114827  Y 114827
X 114827  Y 110651
X 114827  Y 119003
X 116915  Y 104387
X 116915  Y 116915
X 116915  Y 112739
X 116915  Y 108563
X 119003  Y 106475
X 119003  Y 102300
X 119003  Y 114827
X 119003  Y 110651
X 119003  Y 119003
X 121091  Y 116915
X 121091  Y 112739
X 121091  Y 108563
X 121091  Y 104387
X 123179  Y 106475
X 123179  Y 114827
X 123179  Y 110651
X 123179  Y 102300
X 123179  Y 119003
X 125267  Y 116915
X 125267  Y 112739
X 125267  Y 108563
X 125267  Y 104387
X 507411  Y 106075
X 507411  Y 114427
X 507411  Y 110251
X 507411  Y 101900
X 507411  Y 118603
X 509499  Y 108163
X 509499  Y 116515
X 509499  Y 112339
X 509499  Y 103987
X 511587  Y 106075
X 511587  Y 101900
X 511587  Y 114427
X 511587  Y 110251
X 511587  Y 118603
X 513675  Y 108163
X 513675  Y 116515
X 513675  Y 112339
X 513675  Y 103987
X 515763  Y 114427
X 515763  Y 110251
X 515763  Y 106075
X 515763  Y 118603
X 517851  Y 116515
X 517851  Y 108163
X 517851  Y 112339
X 517851  Y 103987
X 519939  Y 114427
X 519939  Y 110251
X 519939  Y 106075
X 519939  Y 118603
X 522027  Y 116515
X 522027  Y 112339
X 522027  Y 108163
X 522027  Y 103987
X 524115  Y 114427
X 524115  Y 110251
X 524115  Y 106075
X 524115  Y 118603
X 526203  Y 103987
X 526203  Y 116515
X 526203  Y 108163
X 526203  Y 112339
X 528290  Y 110251
X 528290  Y 106075
X 528290  Y 118603
X 528290  Y 114427
X 530378  Y 116515
X 530378  Y 108163
X 530378  Y 112339
X 530378  Y 103987
X 530378  Y 124867
X 530378  Y 120691
X 530378  Y 137394
X 530378  Y 133218
X 530378  Y 129042
X 530378  Y 141570
X 528290  Y 126954
X 528290  Y 122779
X 528290  Y 135306
X 528290  Y 131130
X 528290  Y 143658
X 528290  Y 139482
X 526203  Y 124867
X 526203  Y 120691
X 526203  Y 137394
X 526203  Y 133218
X 526203  Y 129042
X 526203  Y 141570
X 524115  Y 126954
X 524115  Y 122779
X 524115  Y 135306
X 524115  Y 131130
X 524115  Y 143658
X 524115  Y 139482
X 522027  Y 124867
X 522027  Y 120691
X 522027  Y 137394
X 522027  Y 133218
X 522027  Y 129042
X 522027  Y 141570
X 519939  Y 126954
X 519939  Y 122779
X 519939  Y 135306
X 519939  Y 131130
X 519939  Y 143658
X 519939  Y 139482
X 517851  Y 120691
X 517851  Y 137394
X 517851  Y 133218
X 517851  Y 129042
X 517851  Y 141570
X 517851  Y 124867
X 515763  Y 126954
X 515763  Y 135306
X 515763  Y 131130
X 515763  Y 122779
X 515763  Y 143658
X 515763  Y 139482
X 513675  Y 137394
X 513675  Y 133218
X 513675  Y 129042
X 513675  Y 124867
X 513675  Y 141570
X 513675  Y 120691
X 511587  Y 126954
X 511587  Y 122779
X 511587  Y 135306
X 511587  Y 131130
X 511587  Y 143658
X 511587  Y 139482
X 509499  Y 137394
X 509499  Y 133218
X 509499  Y 129042
X 509499  Y 124867
X 509499  Y 120691
X 509499  Y 141570
X 507411  Y 135306
X 507411  Y 131130
X 507411  Y 126954
X 507411  Y 122779
X 507411  Y 143658
X 507411  Y 139482
X 125267  Y 129442
X 125267  Y 141970
X 125267  Y 137794
X 125267  Y 133618
X 125267  Y 125267
X 125267  Y 121091
X 123179  Y 127354
X 123179  Y 123179
X 123179  Y 135706
X 123179  Y 144058
X 123179  Y 139882
X 123179  Y 131530
X 121091  Y 125267
X 121091  Y 141970
X 121091  Y 137794
X 121091  Y 133618
X 121091  Y 121091
X 121091  Y 129442
X 119003  Y 123179
X 119003  Y 144058
X 119003  Y 139882
X 119003  Y 127354
X 119003  Y 135706
X 119003  Y 131530
X 116915  Y 121091
X 116915  Y 141970
X 116915  Y 129442
X 116915  Y 137794
X 116915  Y 125267
X 116915  Y 133618
X 114827  Y 127354
X 114827  Y 123179
X 114827  Y 135706
X 114827  Y 144058
X 114827  Y 139882
X 114827  Y 131530
X 112739  Y 125267
X 112739  Y 141970
X 112739  Y 133618
X 112739  Y 129442
X 112739  Y 137794
X 112739  Y 121091
X 110651  Y 144058
X 110651  Y 139882
X 110651  Y 135706
X 110651  Y 131530
X 110651  Y 127354
X 110651  Y 123179
X 108563  Y 141970
X 108563  Y 129442
X 108563  Y 125267
X 108563  Y 137794
X 108563  Y 133618
X 108563  Y 121091
X 106475  Y 135706
X 106475  Y 127354
X 106475  Y 131530
X 106475  Y 144058
X 106475  Y 139882
X 106475  Y 123179
X 104387  Y 133618
X 104387  Y 129442
X 104387  Y 125267
X 104387  Y 121091
X 104387  Y 141970
X 104387  Y 137794
X 102300  Y 135706
X 102300  Y 144058
X 102300  Y 127354
X 102300  Y 139882
X 102300  Y 123179
X 102300  Y 131530
X 102300  Y 148234
X 102300  Y 156585
X 102300  Y 152409
X 102300  Y 164937
X 102300  Y 160761
X 102300  Y 169113
X 104387  Y 146146
X 104387  Y 154497
X 104387  Y 150322
X 104387  Y 167025
X 106475  Y 152409
X 106475  Y 169113
X 106475  Y 148234
X 108563  Y 146146
X 108563  Y 150322
X 110651  Y 148234
X 110651  Y 169113
X 112739  Y 146146
X 114827  Y 148234
X 114827  Y 169113
X 116915  Y 146146
X 119003  Y 148234
X 119003  Y 169113
X 121091  Y 150322
X 121091  Y 167025
X 121091  Y 146146
X 123179  Y 148234
X 123179  Y 152409
X 123179  Y 164937
X 123179  Y 169113
X 125267  Y 154497
X 125267  Y 150322
X 125267  Y 146146
X 125267  Y 167025
X 125267  Y 162849
X 125267  Y 158673
X 507411  Y 156185
X 507411  Y 152009
X 507411  Y 147834
X 507411  Y 164537
X 507411  Y 160361
X 507411  Y 168713
X 509499  Y 154097
X 509499  Y 149922
X 509499  Y 166625
X 509499  Y 145746
X 511587  Y 152009
X 511587  Y 147834
X 511587  Y 168713
X 513675  Y 149922
X 513675  Y 145746
X 515763  Y 147834
X 517851  Y 145746
X 519939  Y 147834
X 522027  Y 145746
X 524115  Y 147834
X 524115  Y 168713
X 526203  Y 166625
X 526203  Y 145746
X 526203  Y 149922
X 528290  Y 147834
X 528290  Y 152009
X 528290  Y 168713
X 528290  Y 164537
X 530378  Y 158273
X 530378  Y 154097
X 530378  Y 162449
X 530378  Y 166625
X 530378  Y 145746
X 530378  Y 149922
X 530378  Y 174976
X 530378  Y 170801
X 530378  Y 187504
X 530378  Y 183328
X 530378  Y 179152
X 530378  Y 191680
X 528290  Y 177064
X 528290  Y 172889
X 528290  Y 185416
X 528290  Y 181240
X 528290  Y 193768
X 528290  Y 189592
X 526203  Y 174976
X 526203  Y 170801
X 526203  Y 187504
X 526203  Y 183328
X 526203  Y 179152
X 526203  Y 191680
X 524115  Y 177064
X 524115  Y 172889
X 524115  Y 185416
X 524115  Y 181240
X 524115  Y 193768
X 524115  Y 189592
X 522027  Y 174976
X 522027  Y 170801
X 522027  Y 187504
X 522027  Y 183328
X 522027  Y 179152
X 522027  Y 191680
X 519939  Y 177064
X 519939  Y 172889
X 519939  Y 185416
X 519939  Y 181240
X 519939  Y 193768
X 519939  Y 189592
X 517851  Y 174976
X 517851  Y 187504
X 517851  Y 183328
X 517851  Y 179152
X 517851  Y 170801
X 517851  Y 191680
X 515763  Y 185416
X 515763  Y 181240
X 515763  Y 177064
X 515763  Y 172889
X 515763  Y 193768
X 515763  Y 189592
X 513675  Y 187504
X 513675  Y 183328
X 513675  Y 179152
X 513675  Y 170801
X 513675  Y 191680
X 513675  Y 174976
X 511587  Y 185416
X 511587  Y 181240
X 511587  Y 177064
X 511587  Y 172889
X 511587  Y 193768
X 511587  Y 189592
X 509499  Y 187504
X 509499  Y 183328
X 509499  Y 179152
X 509499  Y 174976
X 509499  Y 170801
X 509499  Y 191680
X 507411  Y 185416
X 507411  Y 181240
X 507411  Y 193768
X 507411  Y 189592
X 507411  Y 177064
X 507411  Y 172889
X 125267  Y 179552
X 125267  Y 175376
X 125267  Y 171201
X 125267  Y 192080
X 125267  Y 187904
X 125267  Y 183728
X 123179  Y 185816
X 123179  Y 181640
X 123179  Y 177464
X 123179  Y 173289
X 123179  Y 194168
X 123179  Y 189992
X 121091  Y 175376
X 121091  Y 171201
X 121091  Y 187904
X 121091  Y 192080
X 121091  Y 183728
X 121091  Y 179552
X 119003  Y 194168
X 119003  Y 189992
X 119003  Y 177464
X 119003  Y 173289
X 119003  Y 185816
X 119003  Y 181640
X 116915  Y 179552
X 116915  Y 187904
X 116915  Y 175376
X 116915  Y 171201
X 116915  Y 192080
X 116915  Y 183728
X 114827  Y 185816
X 114827  Y 181640
X 114827  Y 194168
X 114827  Y 189992
X 114827  Y 173289
X 114827  Y 177464
X 112739  Y 183728
X 112739  Y 192080
X 112739  Y 179552
X 112739  Y 187904
X 112739  Y 175376
X 112739  Y 171201
X 110651  Y 194168
X 110651  Y 189992
X 110651  Y 185816
X 110651  Y 181640
X 110651  Y 177464
X 110651  Y 173289
X 108563  Y 179552
X 108563  Y 175376
X 108563  Y 192080
X 108563  Y 171201
X 108563  Y 187904
X 108563  Y 183728
X 106475  Y 189992
X 106475  Y 181640
X 106475  Y 185816
X 106475  Y 177464
X 106475  Y 194168
X 106475  Y 173289
X 104387  Y 171201
X 104387  Y 192080
X 104387  Y 179552
X 104387  Y 175376
X 104387  Y 183728
X 104387  Y 187904
X 102300  Y 177464
X 102300  Y 173289
X 102300  Y 189992
X 102300  Y 185816
X 102300  Y 194168
X 102300  Y 181640
X 102300  Y 198344
X 104387  Y 196256
X 104387  Y 200431
X 106475  Y 198344
X 108563  Y 196256
X 108563  Y 200431
X 110651  Y 198344
X 112739  Y 196256
X 112739  Y 200431
X 114827  Y 198344
X 116915  Y 196256
X 116915  Y 200431
X 119003  Y 202519
X 119003  Y 198344
X 121091  Y 196256
X 121091  Y 200431
X 123179  Y 202519
X 123179  Y 198344
X 125267  Y 196256
X 125267  Y 204607
X 125267  Y 200431
X 507411  Y 197944
X 507411  Y 206295
X 507411  Y 202119
X 509499  Y 195856
X 509499  Y 204207
X 509499  Y 200031
X 511587  Y 197944
X 511587  Y 202119
X 513675  Y 195856
X 513675  Y 200031
X 515763  Y 197944
X 515763  Y 202119
X 517851  Y 195856
X 517851  Y 200031
X 519939  Y 197944
X 519939  Y 202119
X 522027  Y 200031
X 522027  Y 195856
X 524115  Y 202119
X 524115  Y 197944
X 526203  Y 200031
X 526203  Y 195856
X 528290  Y 197944
X 528290  Y 202119
X 530378  Y 195856
X 530378  Y 200031
X 530378  Y 237614
X 530378  Y 241790
X 528290  Y 235526
X 528290  Y 243878
X 528290  Y 239702
X 526203  Y 237614
X 526203  Y 241790
X 524115  Y 235526
X 524115  Y 243878
X 524115  Y 239702
X 522027  Y 237614
X 522027  Y 241790
X 519939  Y 235526
X 519939  Y 243878
X 519939  Y 239702
X 517851  Y 237614
X 517851  Y 241790
X 515763  Y 235526
X 515763  Y 243878
X 515763  Y 239702
X 513675  Y 237614
X 513675  Y 241790
X 511587  Y 235526
X 511587  Y 243878
X 511587  Y 239702
X 509499  Y 241790
X 509499  Y 237614
X 509499  Y 233438
X 507411  Y 243878
X 507411  Y 239702
X 507411  Y 235526
X 507411  Y 231350
X 125267  Y 242190
X 125267  Y 233838
X 125267  Y 238014
X 125267  Y 229662
X 123179  Y 244278
X 123179  Y 240102
X 123179  Y 235926
X 123179  Y 231750
X 121091  Y 242190
X 121091  Y 233838
X 121091  Y 238014
X 119003  Y 244278
X 119003  Y 240102
X 119003  Y 235926
X 116915  Y 238014
X 116915  Y 242190
X 114827  Y 240102
X 114827  Y 235926
X 114827  Y 244278
X 112739  Y 238014
X 112739  Y 242190
X 110651  Y 240102
X 110651  Y 235926
X 110651  Y 244278
X 108563  Y 238014
X 108563  Y 242190
X 106475  Y 244278
X 106475  Y 240102
X 106475  Y 235926
X 104387  Y 238014
X 104387  Y 242190
X 102300  Y 244278
X 102300  Y 235926
X 102300  Y 240102
X 102300  Y 256805
X 102300  Y 252629
X 102300  Y 248453
X 102300  Y 265157
X 102300  Y 260981
X 102300  Y 269333
X 104387  Y 254717
X 104387  Y 250541
X 104387  Y 267245
X 104387  Y 263069
X 104387  Y 258893
X 104387  Y 246366
X 106475  Y 256805
X 106475  Y 252629
X 106475  Y 248453
X 106475  Y 265157
X 106475  Y 260981
X 106475  Y 269333
X 108563  Y 254717
X 108563  Y 250541
X 108563  Y 267245
X 108563  Y 263069
X 108563  Y 258893
X 108563  Y 246366
X 110651  Y 256805
X 110651  Y 252629
X 110651  Y 248453
X 110651  Y 265157
X 110651  Y 260981
X 112739  Y 254717
X 112739  Y 250541
X 112739  Y 246366
X 112739  Y 267245
X 112739  Y 263069
X 112739  Y 258893
X 114827  Y 248453
X 114827  Y 265157
X 114827  Y 260981
X 114827  Y 256805
X 114827  Y 252629
X 116915  Y 246366
X 116915  Y 254717
X 116915  Y 267245
X 116915  Y 263069
X 116915  Y 258893
X 116915  Y 250541
X 119003  Y 265157
X 119003  Y 260981
X 119003  Y 252629
X 119003  Y 248453
X 119003  Y 256805
X 121091  Y 246366
X 121091  Y 254717
X 121091  Y 250541
X 121091  Y 267245
X 121091  Y 263069
X 121091  Y 258893
X 123179  Y 256805
X 123179  Y 252629
X 123179  Y 248453
X 123179  Y 265157
X 123179  Y 260981
X 123179  Y 269333
X 125267  Y 246366
X 125267  Y 254717
X 125267  Y 250541
X 125267  Y 267245
X 125267  Y 263069
X 125267  Y 258893
X 507411  Y 252229
X 507411  Y 248053
X 507411  Y 256405
X 507411  Y 264757
X 507411  Y 260581
X 507411  Y 268933
X 509499  Y 254317
X 509499  Y 250141
X 509499  Y 266845
X 509499  Y 262669
X 509499  Y 258493
X 509499  Y 245966
X 511587  Y 256405
X 511587  Y 252229
X 511587  Y 248053
X 511587  Y 264757
X 511587  Y 260581
X 511587  Y 268933
X 513675  Y 245966
X 513675  Y 254317
X 513675  Y 266845
X 513675  Y 262669
X 513675  Y 258493
X 513675  Y 250141
X 515763  Y 256405
X 515763  Y 252229
X 515763  Y 248053
X 515763  Y 264757
X 515763  Y 260581
X 517851  Y 266845
X 517851  Y 262669
X 517851  Y 258493
X 517851  Y 254317
X 517851  Y 245966
X 517851  Y 250141
X 519939  Y 252229
X 519939  Y 248053
X 519939  Y 256405
X 519939  Y 264757
X 519939  Y 260581
X 522027  Y 254317
X 522027  Y 250141
X 522027  Y 266845
X 522027  Y 262669
X 522027  Y 258493
X 522027  Y 245966
X 524115  Y 252229
X 524115  Y 264757
X 524115  Y 260581
X 524115  Y 248053
X 524115  Y 256405
X 526203  Y 262669
X 526203  Y 258493
X 526203  Y 245966
X 526203  Y 254317
X 526203  Y 250141
X 526203  Y 266845
X 528290  Y 260581
X 528290  Y 252229
X 528290  Y 248053
X 528290  Y 264757
X 528290  Y 256405
X 528290  Y 268933
X 530378  Y 250141
X 530378  Y 254317
X 530378  Y 266845
X 530378  Y 262669
X 530378  Y 245966
X 530378  Y 258493
X 530378  Y 275196
X 530378  Y 271020
X 530378  Y 287724
X 530378  Y 283548
X 530378  Y 279372
X 530378  Y 291900
X 528290  Y 285636
X 528290  Y 293988
X 528290  Y 289812
X 526203  Y 287724
X 526203  Y 291900
X 524115  Y 293988
X 524115  Y 289812
X 522027  Y 287724
X 522027  Y 291900
X 519939  Y 293988
X 519939  Y 289812
X 517851  Y 287724
X 517851  Y 291900
X 515763  Y 293988
X 515763  Y 289812
X 513675  Y 287724
X 513675  Y 291900
X 511587  Y 285636
X 511587  Y 293988
X 511587  Y 289812
X 509499  Y 287724
X 509499  Y 283548
X 509499  Y 271020
X 509499  Y 291900
X 507411  Y 285636
X 507411  Y 277284
X 507411  Y 273108
X 507411  Y 281460
X 507411  Y 293988
X 507411  Y 289812
X 125267  Y 279772
X 125267  Y 292300
X 125267  Y 288124
X 125267  Y 283948
X 125267  Y 275596
X 125267  Y 271420
X 123179  Y 294388
X 123179  Y 290212
X 123179  Y 281860
X 123179  Y 286036
X 121091  Y 292300
X 121091  Y 288124
X 121091  Y 283948
X 119003  Y 290212
X 119003  Y 294388
X 119003  Y 286036
X 116915  Y 288124
X 116915  Y 292300
X 114827  Y 290212
X 114827  Y 294388
X 112739  Y 288124
X 112739  Y 292300
X 110651  Y 290212
X 110651  Y 294388
X 108563  Y 292300
X 108563  Y 288124
X 106475  Y 294388
X 106475  Y 290212
X 106475  Y 286036
X 104387  Y 292300
X 104387  Y 271420
X 104387  Y 288124
X 104387  Y 283948
X 102300  Y 277684
X 102300  Y 294388
X 102300  Y 286036
X 102300  Y 281860
X 102300  Y 290212
X 102300  Y 273508
X 102300  Y 306915
X 102300  Y 302739
X 102300  Y 298563
X 102300  Y 315267
X 102300  Y 311091
X 102300  Y 319442
X 104387  Y 304827
X 104387  Y 300651
X 104387  Y 317355
X 104387  Y 313179
X 104387  Y 309003
X 104387  Y 296475
X 106475  Y 306915
X 106475  Y 302739
X 106475  Y 298563
X 106475  Y 315267
X 106475  Y 311091
X 106475  Y 319442
X 108563  Y 304827
X 108563  Y 300651
X 108563  Y 317355
X 108563  Y 313179
X 108563  Y 309003
X 108563  Y 296475
X 110651  Y 306915
X 110651  Y 302739
X 110651  Y 298563
X 110651  Y 315267
X 110651  Y 311091
X 110651  Y 319442
X 112739  Y 304827
X 112739  Y 300651
X 112739  Y 296475
X 112739  Y 317355
X 112739  Y 313179
X 112739  Y 309003
X 114827  Y 315267
X 114827  Y 311091
X 114827  Y 306915
X 114827  Y 302739
X 114827  Y 298563
X 114827  Y 319442
X 116915  Y 296475
X 116915  Y 300651
X 116915  Y 317355
X 116915  Y 313179
X 116915  Y 309003
X 116915  Y 304827
X 119003  Y 315267
X 119003  Y 311091
X 119003  Y 298563
X 119003  Y 306915
X 119003  Y 319442
X 119003  Y 302739
X 121091  Y 296475
X 121091  Y 304827
X 121091  Y 300651
X 121091  Y 317355
X 121091  Y 313179
X 121091  Y 309003
X 123179  Y 306915
X 123179  Y 302739
X 123179  Y 298563
X 123179  Y 315267
X 123179  Y 311091
X 123179  Y 319442
X 125267  Y 300651
X 125267  Y 296475
X 125267  Y 317355
X 125267  Y 313179
X 125267  Y 309003
X 125267  Y 304827
X 507411  Y 306515
X 507411  Y 298163
X 507411  Y 302339
X 507411  Y 314867
X 507411  Y 310691
X 507411  Y 319042
X 509499  Y 304427
X 509499  Y 300251
X 509499  Y 316955
X 509499  Y 312779
X 509499  Y 308603
X 509499  Y 296075
X 511587  Y 298163
X 511587  Y 306515
X 511587  Y 302339
X 511587  Y 314867
X 511587  Y 310691
X 511587  Y 319042
X 513675  Y 300251
X 513675  Y 296075
X 513675  Y 316955
X 513675  Y 312779
X 513675  Y 308603
X 513675  Y 304427
X 515763  Y 302339
X 515763  Y 314867
X 515763  Y 310691
X 515763  Y 306515
X 515763  Y 298163
X 515763  Y 319042
X 517851  Y 316955
X 517851  Y 312779
X 517851  Y 308603
X 517851  Y 304427
X 517851  Y 300251
X 517851  Y 296075
X 519939  Y 298163
X 519939  Y 306515
X 519939  Y 302339
X 519939  Y 314867
X 519939  Y 310691
X 519939  Y 319042
X 522027  Y 316955
X 522027  Y 312779
X 522027  Y 308603
X 522027  Y 296075
X 522027  Y 300251
X 522027  Y 304427
X 524115  Y 314867
X 524115  Y 310691
X 524115  Y 306515
X 524115  Y 302339
X 524115  Y 298163
X 524115  Y 319042
X 526203  Y 300251
X 526203  Y 312779
X 526203  Y 304427
X 526203  Y 308603
X 526203  Y 296075
X 526203  Y 316955
X 528290  Y 306515
X 528290  Y 314867
X 528290  Y 310691
X 528290  Y 298163
X 528290  Y 319042
X 528290  Y 302339
X 530378  Y 312779
X 530378  Y 304427
X 530378  Y 300251
X 530378  Y 296075
X 530378  Y 316955
X 530378  Y 308603
X 530378  Y 354537
X 530378  Y 367065
X 530378  Y 362889
X 530378  Y 358713
X 528290  Y 356625
X 528290  Y 364977
X 528290  Y 360801
X 528290  Y 369152
X 526203  Y 354537
X 526203  Y 367065
X 526203  Y 362889
X 526203  Y 358713
X 524115  Y 356625
X 524115  Y 364977
X 524115  Y 360801
X 524115  Y 369152
X 522027  Y 354537
X 522027  Y 367065
X 522027  Y 362889
X 522027  Y 358713
X 519939  Y 356625
X 519939  Y 364977
X 519939  Y 360801
X 519939  Y 369152
X 517851  Y 354537
X 517851  Y 367065
X 517851  Y 362889
X 517851  Y 358713
X 517851  Y 321130
X 515763  Y 356625
X 515763  Y 364977
X 515763  Y 360801
X 515763  Y 369152
X 513675  Y 354537
X 513675  Y 367065
X 513675  Y 362889
X 513675  Y 358713
X 513675  Y 321130
X 511587  Y 356625
X 511587  Y 352449
X 511587  Y 364977
X 511587  Y 360801
X 511587  Y 369152
X 509499  Y 367065
X 509499  Y 362889
X 509499  Y 358713
X 509499  Y 354537
X 509499  Y 350361
X 509499  Y 321130
X 507411  Y 364977
X 507411  Y 360801
X 507411  Y 352449
X 507411  Y 348273
X 507411  Y 323218
X 507411  Y 369152
X 507411  Y 356625
X 125267  Y 367465
X 125267  Y 363289
X 125267  Y 359113
X 125267  Y 321530
X 125267  Y 354937
X 125267  Y 350761
X 123179  Y 365377
X 123179  Y 361201
X 123179  Y 352849
X 123179  Y 369552
X 123179  Y 357025
X 121091  Y 367465
X 121091  Y 363289
X 121091  Y 359113
X 121091  Y 354937
X 121091  Y 350761
X 121091  Y 321530
X 119003  Y 365377
X 119003  Y 357025
X 119003  Y 352849
X 119003  Y 361201
X 119003  Y 369552
X 116915  Y 359113
X 116915  Y 367465
X 116915  Y 363289
X 116915  Y 354937
X 114827  Y 357025
X 114827  Y 352849
X 114827  Y 369552
X 114827  Y 365377
X 114827  Y 361201
X 112739  Y 354937
X 112739  Y 363289
X 112739  Y 359113
X 112739  Y 367465
X 110651  Y 357025
X 110651  Y 361201
X 110651  Y 369552
X 110651  Y 352849
X 110651  Y 365377
X 108563  Y 359113
X 108563  Y 367465
X 108563  Y 354937
X 108563  Y 363289
X 106475  Y 369552
X 106475  Y 365377
X 106475  Y 361201
X 106475  Y 352849
X 106475  Y 357025
X 104387  Y 354937
X 104387  Y 359113
X 104387  Y 363289
X 104387  Y 367465
X 102300  Y 361201
X 102300  Y 357025
X 102300  Y 369552
X 102300  Y 352849
X 102300  Y 365377
X 102300  Y 377904
X 102300  Y 373728
X 102300  Y 394607
X 102300  Y 390432
X 102300  Y 386256
X 102300  Y 382080
X 104387  Y 375816
X 104387  Y 371640
X 104387  Y 379992
X 104387  Y 388344
X 104387  Y 384168
X 106475  Y 377904
X 106475  Y 386256
X 106475  Y 382080
X 106475  Y 373728
X 108563  Y 371640
X 108563  Y 379992
X 108563  Y 384168
X 108563  Y 375816
X 110651  Y 377904
X 110651  Y 382080
X 110651  Y 373728
X 112739  Y 371640
X 112739  Y 375816
X 112739  Y 379992
X 112739  Y 384168
X 114827  Y 382080
X 114827  Y 377904
X 114827  Y 373728
X 116915  Y 375816
X 116915  Y 379992
X 116915  Y 384168
X 116915  Y 371640
X 119003  Y 377904
X 119003  Y 373728
X 119003  Y 386256
X 119003  Y 382080
X 121091  Y 379992
X 121091  Y 375816
X 121091  Y 388344
X 121091  Y 384168
X 121091  Y 371640
X 123179  Y 390432
X 123179  Y 386256
X 123179  Y 382080
X 123179  Y 377904
X 123179  Y 373728
X 125267  Y 379992
X 125267  Y 392519
X 125267  Y 388344
X 125267  Y 384168
X 125267  Y 371640
X 125267  Y 375816
X 507411  Y 377504
X 507411  Y 373328
X 507411  Y 394207
X 507411  Y 390032
X 507411  Y 385856
X 507411  Y 381680
X 509499  Y 379592
X 509499  Y 371240
X 509499  Y 375416
X 509499  Y 387944
X 509499  Y 383768
X 511587  Y 373328
X 511587  Y 385856
X 511587  Y 381680
X 511587  Y 377504
X 513675  Y 371240
X 513675  Y 375416
X 513675  Y 383768
X 513675  Y 379592
X 515763  Y 377504
X 515763  Y 381680
X 515763  Y 373328
X 517851  Y 371240
X 517851  Y 375416
X 517851  Y 383768
X 517851  Y 379592
X 519939  Y 381680
X 519939  Y 377504
X 519939  Y 373328
X 522027  Y 383768
X 522027  Y 371240
X 522027  Y 379592
X 522027  Y 375416
X 524115  Y 385856
X 524115  Y 381680
X 524115  Y 377504
X 524115  Y 373328
X 526203  Y 383768
X 526203  Y 375416
X 526203  Y 387944
X 526203  Y 379592
X 526203  Y 371240
X 528290  Y 381680
X 528290  Y 390032
X 528290  Y 385856
X 528290  Y 377504
X 528290  Y 373328
X 530378  Y 371240
X 530378  Y 392119
X 530378  Y 375416
X 530378  Y 387944
X 530378  Y 379592
X 530378  Y 383768
X 530378  Y 417174
X 530378  Y 412999
X 530378  Y 408823
X 530378  Y 404647
X 530378  Y 400471
X 530378  Y 396295
X 528290  Y 419262
X 528290  Y 415087
X 528290  Y 410911
X 528290  Y 406735
X 528290  Y 402559
X 526203  Y 417174
X 526203  Y 412999
X 526203  Y 408823
X 526203  Y 404647
X 524115  Y 419262
X 524115  Y 415087
X 524115  Y 410911
X 524115  Y 406735
X 522027  Y 417174
X 522027  Y 412999
X 522027  Y 408823
X 519939  Y 419262
X 519939  Y 415087
X 519939  Y 410911
X 519939  Y 406735
X 517851  Y 417174
X 517851  Y 412999
X 517851  Y 408823
X 515763  Y 419262
X 515763  Y 415087
X 515763  Y 410911
X 515763  Y 406735
X 513675  Y 417174
X 513675  Y 412999
X 513675  Y 408823
X 513675  Y 404647
X 511587  Y 419262
X 511587  Y 415087
X 511587  Y 410911
X 511587  Y 406735
X 511587  Y 402559
X 509499  Y 417174
X 509499  Y 412999
X 509499  Y 408823
X 509499  Y 404647
X 509499  Y 400471
X 507411  Y 419262
X 507411  Y 415087
X 507411  Y 410911
X 507411  Y 406735
X 507411  Y 402559
X 507411  Y 398383
X 125267  Y 400871
X 125267  Y 396695
X 125267  Y 417574
X 125267  Y 413399
X 125267  Y 409223
X 125267  Y 405047
X 123179  Y 419662
X 123179  Y 415487
X 123179  Y 411311
X 123179  Y 407135
X 123179  Y 402959
X 121091  Y 417574
X 121091  Y 413399
X 121091  Y 409223
X 121091  Y 405047
X 119003  Y 415487
X 119003  Y 411311
X 119003  Y 407135
X 119003  Y 419662
X 116915  Y 409223
X 116915  Y 417574
X 116915  Y 413399
X 114827  Y 419662
X 114827  Y 415487
X 114827  Y 411311
X 114827  Y 407135
X 112739  Y 417574
X 112739  Y 413399
X 112739  Y 409223
X 110651  Y 415487
X 110651  Y 411311
X 110651  Y 407135
X 110651  Y 419662
X 108563  Y 417574
X 108563  Y 413399
X 108563  Y 409223
X 108563  Y 405047
X 106475  Y 407135
X 106475  Y 402959
X 106475  Y 415487
X 106475  Y 411311
X 106475  Y 419662
X 104387  Y 409223
X 104387  Y 405047
X 104387  Y 417574
X 104387  Y 400871
X 104387  Y 413399
X 102300  Y 407135
X 102300  Y 398783
X 102300  Y 419662
X 102300  Y 415487
X 102300  Y 402959
X 102300  Y 411311
X 102300  Y 440541
X 102300  Y 436366
X 102300  Y 432190
X 102300  Y 428014
X 102300  Y 423838
X 104387  Y 442629
X 104387  Y 438454
X 104387  Y 434278
X 104387  Y 430102
X 104387  Y 425926
X 104387  Y 421750
X 106475  Y 440541
X 106475  Y 436366
X 106475  Y 432190
X 106475  Y 428014
X 106475  Y 423838
X 108563  Y 430102
X 108563  Y 425926
X 108563  Y 421750
X 108563  Y 442629
X 108563  Y 438454
X 108563  Y 434278
X 110651  Y 440541
X 110651  Y 436366
X 110651  Y 432190
X 110651  Y 428014
X 110651  Y 423838
X 112739  Y 442629
X 112739  Y 438454
X 112739  Y 434278
X 112739  Y 430102
X 112739  Y 425926
X 112739  Y 421750
X 114827  Y 440541
X 114827  Y 436366
X 114827  Y 432190
X 114827  Y 428014
X 114827  Y 423838
X 116915  Y 442629
X 116915  Y 430102
X 116915  Y 421750
X 116915  Y 438454
X 116915  Y 434278
X 116915  Y 425926
X 119003  Y 440541
X 119003  Y 436366
X 119003  Y 432190
X 119003  Y 428014
X 119003  Y 423838
X 121091  Y 421750
X 121091  Y 438454
X 121091  Y 442629
X 121091  Y 434278
X 121091  Y 430102
X 121091  Y 425926
X 123179  Y 440541
X 123179  Y 432190
X 123179  Y 428014
X 123179  Y 436366
X 123179  Y 423838
X 125267  Y 442629
X 125267  Y 425926
X 125267  Y 421750
X 125267  Y 430102
X 125267  Y 434278
X 125267  Y 438454
X 507411  Y 444317
X 507411  Y 440141
X 507411  Y 435966
X 507411  Y 431790
X 507411  Y 427614
X 507411  Y 423438
X 509499  Y 442229
X 509499  Y 438054
X 509499  Y 433878
X 509499  Y 429702
X 509499  Y 425526
X 509499  Y 421350
X 511587  Y 444317
X 511587  Y 440141
X 511587  Y 435966
X 511587  Y 431790
X 511587  Y 427614
X 511587  Y 423438
X 513675  Y 442229
X 513675  Y 438054
X 513675  Y 433878
X 513675  Y 429702
X 513675  Y 425526
X 513675  Y 421350
X 515763  Y 427614
X 515763  Y 423438
X 515763  Y 444317
X 515763  Y 440141
X 515763  Y 435966
X 515763  Y 431790
X 517851  Y 442229
X 517851  Y 433878
X 517851  Y 429702
X 517851  Y 425526
X 517851  Y 421350
X 517851  Y 438054
X 519939  Y 444317
X 519939  Y 440141
X 519939  Y 435966
X 519939  Y 423438
X 519939  Y 431790
X 519939  Y 427614
X 522027  Y 442229
X 522027  Y 438054
X 522027  Y 433878
X 522027  Y 429702
X 522027  Y 425526
X 522027  Y 421350
X 524115  Y 423438
X 524115  Y 435966
X 524115  Y 431790
X 524115  Y 427614
X 524115  Y 440141
X 524115  Y 444317
X 526203  Y 425526
X 526203  Y 429702
X 526203  Y 442229
X 526203  Y 438054
X 526203  Y 421350
X 526203  Y 433878
X 528290  Y 423438
X 528290  Y 444317
X 528290  Y 431790
X 528290  Y 435966
X 528290  Y 440141
X 528290  Y 427614
X 530378  Y 429702
X 530378  Y 425526
X 530378  Y 421350
X 530378  Y 433878
X 530378  Y 438054
X 530378  Y 442229
Drill: .01969  Tool: 2  Feed: 95  Speed: 300
X 382480  Y 327362
X 382480  Y 333267
X 392322  Y 330314
X 392322  Y 324409
X 392322  Y 336220
Drill: .025  Tool: 3  Feed: 197  Speed: 550
X 131496  Y 62204
X 131496  Y 81889
X 140668  Y 45472
X 159566  Y 45472
X 178464  Y 45472
X 188582  Y 62204
X 188582  Y 81889
X 444488  Y 62204
X 444488  Y 81889
X 453661  Y 45472
X 472559  Y 45472
X 491456  Y 45472
X 501574  Y 62204
X 501574  Y 81889
X 501574  Y 100393
X 444488  Y 100393
X 188582  Y 100393
X 131495  Y 100393
Drill: .02756  Tool: 4  Feed: 197  Speed: 550
X 269685  Y 138582
X 498031  Y 138582
X 309448  Y 435039
Drill: .035  Tool: 5  Feed: 197  Speed: 550
X 145118  Y 92952
X 145118  Y 112952
X 155118  Y 102952
X 165118  Y 92952
X 165118  Y 112952
X 452204  Y 92952
X 452204  Y 112952
X 462204  Y 102952
X 472204  Y 92952
X 472204  Y 112952
Drill: .03543  Tool: 6  Feed: 197  Speed: 550
X 280511  Y 311220
X 354133  Y 311220
X 354133  Y 330118
X 280511  Y 330118
Drill: .037  Tool: 7  Feed: 197  Speed: 550
X 409055  Y 294881
X 409055  Y 287007
X 409055  Y 279133
X 416929  Y 294881
X 416929  Y 279133
X 416929  Y 287007
X 416929  Y 302755
X 416929  Y 318503
X 416929  Y 310629
X 416929  Y 326377
X 409055  Y 302755
X 409055  Y 310629
X 409055  Y 318503
X 409055  Y 326377
Drill: .04  Tool: 8  Feed: 139  Speed: 550
X 198425  Y 369527
X 198425  Y 359527
X 198425  Y 349527
X 208425  Y 369527
X 208425  Y 359527
X 208425  Y 349527
X 218425  Y 359527
X 218425  Y 369527
X 218425  Y 349527
X 228425  Y 369527
X 228425  Y 359527
X 228425  Y 349527
X 238425  Y 359527
X 238425  Y 369527
X 238425  Y 349527
X 248425  Y 359527
X 248425  Y 369527
X 248425  Y 349527
X 258425  Y 359527
X 258425  Y 369527
X 258425  Y 349527
X 268425  Y 359527
X 268425  Y 369527
X 268425  Y 349527
X 278425  Y 359527
X 278425  Y 369527
X 278425  Y 349527
X 288425  Y 369527
X 288425  Y 359527
X 288425  Y 349527
X 288425  Y 379527
X 278425  Y 379527
X 268425  Y 379527
X 258425  Y 379527
X 248425  Y 379527
X 238425  Y 379527
X 228425  Y 379527
X 218425  Y 379527
X 208425  Y 379527
X 198425  Y 379527
Drill: .04331  Tool: 9  Feed: 139  Speed: 550
X 135039  Y 138582
X 363385  Y 138582
X 309448  Y 300393
Drill: .05  Tool: 10  Feed: 107  Speed: 550
X 211503  Y 418897
X 425503  Y 430897
Drill: .055  Tool: 11  Feed: 107  Speed: 550
X 131496  Y 72047
X 131496  Y 111417
X 153858  Y 111417
X 175117  Y 111417
X 188582  Y 52362
X 188582  Y 91732
X 444488  Y 72047
X 444488  Y 111417
X 466850  Y 111417
X 488110  Y 111417
X 501574  Y 52362
X 501574  Y 91732
X 501574  Y 131102
X 501574  Y 170472
X 478267  Y 190157
X 444488  Y 150787
X 444488  Y 190157
X 188582  Y 170472
X 188582  Y 131102
X 165275  Y 190157
X 131496  Y 190157
X 131496  Y 150787
Drill: .05512  Tool: 12  Feed: 107  Speed: 550
X 224015  Y 265354
X 245669  Y 265354
Drill: .06  Tool: 13  Feed: 89  Speed: 550
X 140669  Y 68503
X 178464  Y 68503
X 453661  Y 68503
X 491456  Y 68503
Drill: .063  Tool: 14  Feed: 89  Speed: 550
X 202462  Y 107674
X 221162  Y 107674
X 284155  Y 118500
X 348131  Y 118500
X 383564  Y 107674
X 414076  Y 107674
X 348131  Y 133264
X 284155  Y 133264
X 249506  Y 244485
X 227852  Y 224800
X 203246  Y 243500
Drill: .06693  Tool: 15  Feed: 89  Speed: 550
X 387401  Y 316535
X 387401  Y 344094
Drill: .15  Tool: 16  Feed: 35  Speed: 900
X 113779  Y 159055
X 519291  Y 159055
X 519291  Y 277165
X 519291  Y 395275
X 113779  Y 395275
X 113779  Y 277165
End of Listing
